02/28/18 21:55:27 CLog::EnableLog - C:\WINDOWS\SysWow64\BytescoutScreenCapturing.dll
02/28/18 21:55:27 FilterHostBase::InitLog - Dll version is 2.40.879.0.
02/28/18 21:55:27 FilterHostBase::InitLog - Filter Dll version is 2.40.879.0.
02/28/18 21:55:27 FilterHostBase::InitLog - Dll version is 2.40.879.0.
02/28/18 21:55:27 FilterHostBase::InitLog - Compiled For: x86
02/28/18 21:55:27 FilterHostBase::InitLog - Running on x64
02/28/18 21:55:27 FilterHostBase::InitLog - Windows version: 6.2
02/28/18 21:55:27 FilterHostBase::InitLog - Filter build is Release full version.
02/28/18 21:55:27 Installed video codec - WMVideo8 Encoder DMO
02/28/18 21:55:27 Installed video codec - DV Video Encoder
02/28/18 21:55:27 Installed video codec - MJPEG Compressor
02/28/18 21:55:27 Installed video codec - ????? Cinepak, ????????????? ??????????? Radius
02/28/18 21:55:27 Installed video codec - ????? Intel IYUV
02/28/18 21:55:27 Installed video codec - ????? Intel IYUV
02/28/18 21:55:27 Installed video codec - Lagarith Lossless Codec
02/28/18 21:55:27 Installed video codec - Microsoft RLE
02/28/18 21:55:27 Installed video codec - Microsoft Video 1
02/28/18 21:55:27 Installed audio codec - WM Speech Encoder DMO
02/28/18 21:55:27 Installed audio codec - WMAudio Encoder DMO
02/28/18 21:55:27 Installed audio codec - IMA ADPCM
02/28/18 21:55:27 Installed audio codec - PCM
02/28/18 21:55:27 Installed audio codec - Microsoft ADPCM
02/28/18 21:55:27 Installed audio codec - GSM 6.10
02/28/18 21:55:27 Installed audio codec - CCITT A-Law
02/28/18 21:55:27 Installed audio codec - CCITT u-Law
02/28/18 21:55:27 Installed WMV video codec - Windows Media Video 9 Screen
02/28/18 21:55:27 Installed WMV video codec - Windows Media Video V7
02/28/18 21:55:27 Installed WMV video codec - Windows Media Video V8
02/28/18 21:55:27 Installed WMV video codec - Windows Media Video 9
02/28/18 21:55:27 Installed WMV video codec - Windows Media Video 9 Image
02/28/18 21:55:27 Installed WMV video codec - Windows Media Video 9 Advanced Profile
02/28/18 21:55:27 Installed WMV video codec - Windows Media Video 9.1 Image
02/28/18 21:55:27 Installed WMV audio codec - Windows Media Audio Voice 9
02/28/18 21:55:27 Installed WMV audio codec - Windows Media Audio 9.2
02/28/18 21:55:27 Installed WMV audio codec - Windows Media Audio 10 Professional
02/28/18 21:55:27 FilterHostBase::InitLog - MP3 for external audio tracks is enabled
02/28/18 21:55:27 CCapturer::put_CurrentVideoCodecName - Lagarith Lossless Codec
02/28/18 21:55:27 FilterHostBase::SetCurrentVideoCodecName - Lagarith Lossless Codec
02/28/18 21:55:27 CCapturer::put_AnimateMouseClicks - false
02/28/18 21:55:27 CCapturer::put_AnimateMouseButtons - false
02/28/18 21:55:27 CCapturer::put_AudioEnabled - false
02/28/18 21:55:27 CCapturer::put_CaptureMouseCursor - true
02/28/18 21:55:27 CCapturer::put_ShowMouseHotSpot - false
02/28/18 21:55:27 CCapturer::put_MatchOutputSizeToTheSourceSize - true
02/28/18 21:55:36 CCapturer::put_CapturingType - 0
02/28/18 21:55:36 CCapturer::put_CaptureRectLeft - 0
02/28/18 21:55:36 CCapturer::put_CaptureRectTop - 0
02/28/18 21:55:36 CCapturer::put_CaptureRectWidth - 1920
02/28/18 21:55:36 CCapturer::put_CaptureRectHeight - 1080
02/28/18 21:55:36 CCapturer::put_OutputHeight - 1080
02/28/18 21:55:36 CCapturer::put_OutputWidth - 1920
02/28/18 21:55:40 CCapturer::SaveSettingsToRegistry - started
02/28/18 21:55:40 CCapturer::Run - started
02/28/18 21:55:40 FilterHostBase::dumpPropertiesIntoLog - Properties just before Run:
02/28/18 21:55:40 FilterHostBase::dumpPropertiesIntoLog - --------------------------------------------------------------------------
02/28/18 21:55:40 CurrentVideoCodecName - Lagarith Lossless Codec
02/28/18 21:55:40 FilterHostBase::dumpPropertiesIntoLog - Audio is disabled
02/28/18 21:55:40 UsingCustomWMVProfile - true
02/28/18 21:55:40 CurrentWMVVideoCodecName - Windows Media Video 9
02/28/18 21:55:40 WMVVideoBitrate - 1000000
02/28/18 21:55:40 FilterHostBase::dumpPropertiesIntoLog - end of dumping properties before run--------------------------------------------------------------------------
02/28/18 21:56:32 CCapturer::Stop - started
02/28/18 21:56:33 FilterHostBase::StopGraph - started
